
2025-05-05 18:34:07 - POST: Array
(
    [FIO] => Козлов Петр Юрьевич
    [phone] => +79807886652
    [email] => aricrate@gmail.com
    [pasport] => 8888888888
    [birthdate] => 2000-09-30
    [dateinput] => 2025-05-05
    [dateoutput] => 2025-05-06
    [adults] => 1
    [children] => 0
    [services] => Array
        (
            [0] => Array
                (
                    [id_services] => travel
                    [value] => 1
                )

            [1] => Array
                (
                    [id_services] => breakfast
                    [value] => 2
                )

        )

    [discount] => 0
    [paymentOption] => оплачено полностью
    [roomId] => 1
    [roomPrice] => 2500.00
)

FILES: Array
(
)

2025-05-05 18:34:18 - POST: Array
(
)

FILES: Array
(
)

2025-05-05 18:34:33 - POST: Array
(
    [FIO] => Козлов Петр Юрьевич
    [phone] => +79807886651
    [email] => aricrate@gmail.com
    [pasport] => 8888888888
    [birthdate] => 2000-09-30
    [dateinput] => 2025-05-05
    [dateoutput] => 2025-05-06
    [adults] => 1
    [children] => 0
    [services] => Array
        (
            [0] => Array
                (
                    [id_services] => travel
                    [value] => 1
                )

            [1] => Array
                (
                    [id_services] => breakfast
                    [value] => 2
                )

        )

    [discount] => 0
    [paymentOption] => оплачено полностью
    [roomId] => 1
    [roomPrice] => 2500.00
)

FILES: Array
(
)

2025-05-05 18:34:37 - POST: Array
(
    [FIO] => Козлов Петр Юрьевич
    [phone] => +79807886651
    [email] => aricrate@gmail.com
    [pasport] => 8888888888
    [birthdate] => 2000-09-30
    [dateinput] => 2025-05-05
    [dateoutput] => 2025-05-06
    [adults] => 1
    [children] => 0
    [services] => Array
        (
            [0] => Array
                (
                    [id_services] => travel
                    [value] => 1
                )

            [1] => Array
                (
                    [id_services] => breakfast
                    [value] => 2
                )

        )

    [discount] => 0
    [paymentOption] => оплачено полностью
    [roomId] => 1
    [roomPrice] => 2500.00
)

FILES: Array
(
)

2025-05-05 18:34:54 - POST: Array
(
    [FIO] => Козлов Петр Юрьевич
    [phone] => +79807886651
    [email] => aricrate@gmail.com
    [pasport] => 8888888888
    [birthdate] => 2000-09-30
    [dateinput] => 2025-05-05
    [dateoutput] => 2025-05-06
    [adults] => 1
    [children] => 0
    [services] => Array
        (
            [0] => Array
                (
                    [id_services] => travel
                    [value] => 1
                )

            [1] => Array
                (
                    [id_services] => breakfast
                    [value] => 2
                )

            [2] => Array
                (
                    [id_services] => bed
                    [value] => 3
                )

        )

    [discount] => 1
    [paymentOption] => оплачено полностью
    [roomId] => 1
    [roomPrice] => 2500.00
)

FILES: Array
(
)

2025-05-05 18:35:16 - POST: Array
(
)

FILES: Array
(
)

2025-05-05 18:35:17 - POST: Array
(
)

FILES: Array
(
)

2025-05-05 18:35:17 - POST: Array
(
)

FILES: Array
(
)

2025-05-05 18:35:25 - POST: Array
(
)

FILES: Array
(
)

2025-05-05 18:36:58 - POST: Array
(
    [FIO] => Козлов Петр Юрьевич
    [phone] => +79807886650
    [email] => aricrate@gmail.com
    [pasport] => 8888888888
    [birthdate] => 2000-09-30
    [dateinput] => 2025-05-05
    [dateoutput] => 2025-05-06
    [adults] => 1
    [children] => 0
    [services] => Array
        (
            [0] => Array
                (
                    [id_services] => travel
                    [value] => 1
                )

            [1] => Array
                (
                    [id_services] => breakfast
                    [value] => 2
                )

        )

    [discount] => 1
    [paymentOption] => оплачено полностью
    [roomId] => 2
    [roomPrice] => 2700.00
)

FILES: Array
(
)

2025-05-05 18:40:04 - POST: Array
(
    [FIO] => Козлов Петр Юрьевич
    [phone] => +79807886651
    [email] => aricrate@gmail.com
    [pasport] => 8888888888
    [birthdate] => 2000-09-30
    [dateinput] => 2025-05-05
    [dateoutput] => 2025-05-06
    [adults] => 1
    [children] => 0
    [services] => Array
        (
            [0] => Array
                (
                    [id_services] => travel
                    [value] => 1
                )

            [1] => Array
                (
                    [id_services] => breakfast
                    [value] => 2
                )

        )

    [discount] => 0
    [paymentOption] => оплачено полностью
    [roomId] => 2
    [roomPrice] => 2700.00
)

FILES: Array
(
)

2025-05-05 19:11:09 - POST: Array
(
)

FILES: Array
(
)

2025-05-05 20:28:40 - POST: Array
(
    [FIO] => Рогожин Петр Иванович
    [phone] => +79802356786
    [email] => aricrate@gmail.com
    [pasport] => 5555555555
    [birthdate] => 2004-08-30
    [dateinput] => 2025-05-05
    [dateoutput] => 2025-05-06
    [adults] => 1
    [children] => 0
    [discount] => 0
    [paymentOption] => оплачено полностью
    [roomId] => 8
    [roomPrice] => 7500.00
)

FILES: Array
(
)

2025-05-05 22:02:44 - POST: Array
(
    [код_брони] => 12
    [код_клиента] => 17
    [код_администратора] => 9
    [код_номера] => 9
    [дата_начала_бронирования] => 2025-05-05
    [дата_окончания_бронирования] => 2025-05-06
    [статус_бронирования] => подтверждено
)

FILES: Array
(
)

2025-05-05 22:02:56 - POST: Array
(
    [код_брони] => 12
    [код_клиента] => 17
    [код_администратора] => 9
    [код_номера] => 9
    [дата_начала_бронирования] => 2025-05-05
    [дата_окончания_бронирования] => 2025-05-06
    [статус_бронирования] => ожидание
)

FILES: Array
(
)

2025-05-05 22:02:56 - POST: Array
(
    [код_брони] => 12
    [код_клиента] => 17
    [код_администратора] => 9
    [код_номера] => 9
    [дата_начала_бронирования] => 2025-05-05
    [дата_окончания_бронирования] => 2025-05-06
    [статус_бронирования] => ожидание
)

FILES: Array
(
)

2025-05-05 22:03:17 - POST: Array
(
    [код_брони] => 12
    [код_клиента] => 17
    [код_администратора] => 9
    [код_номера] => 1
    [дата_начала_бронирования] => 2025-05-05
    [дата_окончания_бронирования] => 2025-05-06
    [статус_бронирования] => ожидание
)

FILES: Array
(
)

2025-05-05 22:05:26 - POST: Array
(
    [код_брони] => 12
    [код_клиента] => 17
    [код_администратора] => 9
    [код_номера] => 1
    [дата_начала_бронирования] => 2025-05-05
    [дата_окончания_бронирования] => 2025-05-06
    [статус_бронирования] => ожидание
)

FILES: Array
(
)

2025-05-06 16:07:59 - POST: Array
(
    [код_брони] => 12
    [код_клиента] => 17
    [код_администратора] => 9
    [код_номера] => 
    [дата_начала_бронирования] => 2025-05-05
    [дата_окончания_бронирования] => 2025-05-06
)

FILES: Array
(
)

2025-05-06 16:08:32 - POST: Array
(
    [код_брони] => 11
    [код_клиента] => 24
    [код_администратора] => 9
    [код_номера] => 
    [дата_начала_бронирования] => 2025-05-05
    [дата_окончания_бронирования] => 2025-05-06
)

FILES: Array
(
)

2025-05-06 16:14:05 - POST: Array
(
    [код_брони] => 12
    [код_клиента] => 17
    [код_администратора] => 9
    [код_номера] => undefined
    [статус_бронирования] => ожидание
)

FILES: Array
(
)

2025-05-06 16:14:05 - POST: Array
(
    [код_брони] => 12
    [код_клиента] => 17
    [код_администратора] => 9
    [код_номера] => undefined
    [статус_бронирования] => ожидание
)

FILES: Array
(
)

2025-05-06 16:14:05 - POST: Array
(
    [код_брони] => 12
    [код_клиента] => 17
    [код_администратора] => 9
    [код_номера] => undefined
    [статус_бронирования] => ожидание
)

FILES: Array
(
)

2025-05-06 16:14:33 - POST: Array
(
    [код_брони] => 12
    [код_клиента] => 17
    [код_администратора] => 9
    [код_номера] => undefined
    [статус_бронирования] => подтверждено
)

FILES: Array
(
)

2025-05-06 16:14:33 - POST: Array
(
    [код_брони] => 12
    [код_клиента] => 17
    [код_администратора] => 9
    [код_номера] => undefined
    [статус_бронирования] => подтверждено
)

FILES: Array
(
)

2025-05-06 17:03:22 - POST: Array
(
    [FIO] => Гончарова Алина Анатольевна
    [phone] => +79807234566
    [email] => aricrate@gmail.com
    [pasport] => 8976346791
    [birthdate] => 2004-08-30
    [dateinput] => 2025-05-06
    [dateoutput] => 2025-05-09
    [adults] => 1
    [children] => 0
    [services] => Array
        (
            [0] => Array
                (
                    [id_services] => travel
                    [value] => 1
                )

            [1] => Array
                (
                    [id_services] => breakfast
                    [value] => 2
                )

        )

    [discount] => 1
    [paymentOption] => оплачено полностью
    [roomId] => 4
    [roomPrice] => 4000.00
)

FILES: Array
(
)

2025-05-06 17:04:10 - POST: Array
(
    [код_брони] => 13
    [код_клиента] => 28
    [код_администратора] => 9
    [код_номера] => 9
    [дата_начала_бронирования] => 2025-05-06
    [дата_окончания_бронирования] => 2025-05-09
    [статус_бронирования] => подтверждено
)

FILES: Array
(
)

2025-05-15 22:36:30 - POST: Array
(
    [FIO] => Аксенов Петр Сергеевич
    [phone] => +79807886699
    [email] => aricrate@gmail.com
    [pasport] => 1234567888
    [birthdate] => 2004-08-30
    [dateinput] => 2025-05-15
    [dateoutput] => 2025-05-17
    [adults] => 1
    [children] => 1
    [services] => Array
        (
            [0] => Array
                (
                    [id_services] => travel
                    [value] => 1
                )

            [1] => Array
                (
                    [id_services] => breakfast
                    [value] => 2
                )

        )

    [childrenData] => Array
        (
            [0] => Array
                (
                    [lastname_child] => Аксенов
                    [firstname_child] => Виктор
                    [otch_child] => Петрович
                    [birthdate_child] => 2019-08-30
                )

        )

    [discount] => 1
    [paymentOption] => предоплата 50%
    [roomId] => 2
    [roomPrice] => 2700.00
)

FILES: Array
(
)

2025-05-26 11:17:41 - POST: Array
(
    [FIO] => Кравцов Олег Иванович
    [phone] => +79807369912
    [email] => krav@gmail.com
    [pasport] => 1568912943
    [birthdate] => 2004-08-30
    [dateinput] => 2025-05-26
    [dateoutput] => 2025-05-28
    [adults] => 1
    [children] => 0
    [services] => Array
        (
            [0] => Array
                (
                    [id_services] => travel
                    [value] => 1
                )

            [1] => Array
                (
                    [id_services] => breakfast
                    [value] => 2
                )

        )

    [discount] => 1
    [paymentOption] => оплачено полностью
    [roomId] => 1
    [roomPrice] => 2500.00
)

FILES: Array
(
)
