
2025-05-05 21:26:02 - POST: Array
(
    [client_id] => 12
)

FILES: Array
(
)

2025-05-05 21:26:04 - POST: Array
(
    [client_id] => 24
)

FILES: Array
(
)

2025-05-05 21:26:05 - POST: Array
(
    [client_id] => 14
)

FILES: Array
(
)

2025-05-05 21:26:11 - POST: Array
(
    [client_id] => 17
)

FILES: Array
(
)

2025-05-06 14:52:48 - POST: Array
(
    [client_id] => 12
)

FILES: Array
(
)

2025-05-06 15:11:43 - POST: Array
(
    [client_id] => 18
)

FILES: Array
(
)

2025-05-06 17:07:14 - POST: Array
(
    [client_id] => 30
)

FILES: Array
(
)

2025-05-06 17:14:33 - POST: Array
(
    [client_id] => 28
)

FILES: Array
(
)

2025-05-15 22:37:49 - POST: Array
(
    [client_id] => 34
)

FILES: Array
(
)

2025-05-15 22:41:26 - POST: Array
(
    [client_id] => 34
)

FILES: Array
(
)

2025-05-19 14:55:12 - POST: Array
(
    [client_id] => 34
)

FILES: Array
(
)

2025-05-26 11:34:55 - POST: Array
(
    [client_id] => 40
)

FILES: Array
(
)
