
2025-05-04 18:35:54 - POST: Array
(
)

FILES: Array
(
)

2025-05-04 18:36:21 - POST: Array
(
)

FILES: Array
(
)

2025-05-04 18:36:33 - POST: Array
(
)

FILES: Array
(
)

2025-05-04 18:36:47 - POST: Array
(
)

FILES: Array
(
)

2025-05-04 18:37:01 - POST: Array
(
)

FILES: Array
(
)

2025-05-04 18:43:03 - POST: Array
(
    [id] => 1
)

FILES: Array
(
)

2025-05-04 18:45:13 - POST: Array
(
    [id] => 1
)

FILES: Array
(
)

2025-05-04 18:47:20 - POST: Array
(
    [id] => 1
)

FILES: Array
(
)

2025-05-04 18:47:21 - POST: Array
(
    [id] => 1
)

FILES: Array
(
)

2025-05-04 18:47:48 - POST: Array
(
    [id] => 1
)

FILES: Array
(
)

2025-05-04 18:48:04 - POST: Array
(
    [id] => 1
)

FILES: Array
(
)

2025-05-04 18:48:47 - POST: Array
(
    [id] => 1
)

FILES: Array
(
)

2025-05-04 18:49:26 - POST: Array
(
)

FILES: Array
(
)

2025-05-04 18:50:02 - POST: Array
(
)

FILES: Array
(
)

2025-05-04 18:50:22 - POST: Array
(
)

FILES: Array
(
)

2025-05-04 18:50:42 - POST: Array
(
)

FILES: Array
(
)

2025-05-04 18:50:43 - POST: Array
(
)

FILES: Array
(
)

2025-05-04 18:50:43 - POST: Array
(
)

FILES: Array
(
)

2025-05-04 18:50:43 - POST: Array
(
)

FILES: Array
(
)

2025-05-04 18:51:24 - POST: Array
(
    [id] => 1
)

FILES: Array
(
)

2025-05-04 18:53:05 - POST: Array
(
    [id] => 2
)

FILES: Array
(
)

2025-05-04 18:53:24 - POST: Array
(
    [id] => 2
)

FILES: Array
(
)

2025-05-04 18:55:01 - POST: Array
(
    [id] => 1
)

FILES: Array
(
)

2025-05-04 18:55:03 - POST: Array
(
    [id] => 2
)

FILES: Array
(
)

2025-05-04 18:55:38 - POST: Array
(
    [id] => 1
)

FILES: Array
(
)

2025-05-04 18:58:10 - POST: Array
(
    [id] => 1
)

FILES: Array
(
)

2025-05-04 18:58:34 - POST: Array
(
    [id] => 1
)

FILES: Array
(
)

2025-05-04 18:58:37 - POST: Array
(
    [id] => 2
)

FILES: Array
(
)

2025-05-04 18:58:39 - POST: Array
(
    [id] => 4
)

FILES: Array
(
)

2025-05-04 18:58:40 - POST: Array
(
    [id] => 3
)

FILES: Array
(
)

2025-05-04 18:58:44 - POST: Array
(
    [id] => 3
)

FILES: Array
(
)

2025-05-04 18:58:47 - POST: Array
(
    [id] => 1
)

FILES: Array
(
)

2025-05-04 18:58:53 - POST: Array
(
    [id] => 1
)

FILES: Array
(
)

2025-05-04 19:07:30 - POST: Array
(
    [id] => 1
)

FILES: Array
(
)

2025-05-04 19:08:04 - POST: Array
(
    [id] => 1
)

FILES: Array
(
)

2025-05-04 19:08:37 - POST: Array
(
    [id] => 8
)

FILES: Array
(
)

2025-05-04 19:09:37 - POST: Array
(
    [id] => 1
)

FILES: Array
(
)

2025-05-04 19:10:12 - POST: Array
(
    [id] => 1
)

FILES: Array
(
)

2025-05-04 19:12:02 - POST: Array
(
    [id] => 1
)

FILES: Array
(
)

2025-05-04 19:12:12 - POST: Array
(
    [id] => 1
)

FILES: Array
(
)

2025-05-04 19:12:55 - POST: Array
(
    [id] => 1
)

FILES: Array
(
)

2025-05-04 19:12:58 - POST: Array
(
    [id] => 1
)

FILES: Array
(
)

2025-05-04 19:14:38 - POST: Array
(
    [id] => 1
)

FILES: Array
(
)

2025-05-04 19:15:09 - POST: Array
(
    [id] => 1
)

FILES: Array
(
)

2025-05-04 19:16:03 - POST: Array
(
    [id] => 1
)

FILES: Array
(
)

2025-05-04 19:19:34 - POST: Array
(
    [id] => 1
)

FILES: Array
(
)

2025-05-04 19:19:53 - POST: Array
(
    [id] => 1
)

FILES: Array
(
)

2025-05-04 19:21:56 - POST: Array
(
)

FILES: Array
(
)

2025-05-04 19:21:58 - POST: Array
(
)

FILES: Array
(
)

2025-05-04 19:22:42 - POST: Array
(
)

FILES: Array
(
)

2025-05-04 19:22:43 - POST: Array
(
)

FILES: Array
(
)

2025-05-04 19:22:43 - POST: Array
(
)

FILES: Array
(
)

2025-05-04 19:23:00 - POST: Array
(
)

FILES: Array
(
)

2025-05-04 19:23:00 - POST: Array
(
)

FILES: Array
(
)

2025-05-04 19:23:01 - POST: Array
(
)

FILES: Array
(
)

2025-05-04 19:23:01 - POST: Array
(
)

FILES: Array
(
)

2025-05-04 19:24:00 - POST: Array
(
)

FILES: Array
(
)

2025-05-04 19:24:08 - POST: Array
(
    [id] => 1
)

FILES: Array
(
)

2025-05-04 19:24:51 - POST: Array
(
    [id] => 1
)

FILES: Array
(
)

2025-05-04 19:24:54 - POST: Array
(
    [id] => 2
)

FILES: Array
(
)

2025-05-04 19:27:28 - POST: Array
(
)

FILES: Array
(
)

2025-05-04 19:27:28 - POST: Array
(
)

FILES: Array
(
)

2025-05-04 19:27:37 - POST: Array
(
    [id] => 1
)

FILES: Array
(
)

2025-05-04 19:27:51 - POST: Array
(
)

FILES: Array
(
)

2025-05-04 19:28:22 - POST: Array
(
    [id] => 1
)

FILES: Array
(
)

2025-05-04 19:29:28 - POST: Array
(
    [id] => 1
)

FILES: Array
(
)

2025-05-04 19:30:41 - POST: Array
(
    [id] => 1
)

FILES: Array
(
)

2025-05-04 19:31:05 - POST: Array
(
    [id] => 1
)

FILES: Array
(
)

2025-05-04 19:31:09 - POST: Array
(
)

FILES: Array
(
)

2025-05-04 19:33:27 - POST: Array
(
    [id] => 1
)

FILES: Array
(
)

2025-05-04 19:37:38 - POST: Array
(
    [id] => 1
)

FILES: Array
(
)

2025-05-04 19:37:53 - POST: Array
(
    [id] => 4
)

FILES: Array
(
)

2025-05-04 19:37:56 - POST: Array
(
    [id] => 1
)

FILES: Array
(
)

2025-05-04 19:39:03 - POST: Array
(
    [id] => 1
)

FILES: Array
(
)

2025-05-04 19:39:32 - POST: Array
(
    [id] => 1
)

FILES: Array
(
)

2025-05-04 19:39:47 - POST: Array
(
    [id] => 1
)

FILES: Array
(
)

2025-05-04 19:40:07 - POST: Array
(
    [id] => 1
)

FILES: Array
(
)

2025-05-04 19:40:38 - POST: Array
(
    [id] => 1
)

FILES: Array
(
)

2025-05-04 19:40:41 - POST: Array
(
    [id] => 3
)

FILES: Array
(
)

2025-05-04 19:41:28 - POST: Array
(
    [id] => 1
)

FILES: Array
(
)

2025-05-04 19:41:31 - POST: Array
(
    [id] => 1
)

FILES: Array
(
)

2025-05-04 19:41:36 - POST: Array
(
    [id] => 1
)

FILES: Array
(
)

2025-05-04 19:42:19 - POST: Array
(
    [id] => 1
)

FILES: Array
(
)

2025-05-04 19:46:31 - POST: Array
(
    [id] => 1
)

FILES: Array
(
)

2025-05-04 19:47:17 - POST: Array
(
    [id] => 1
)

FILES: Array
(
)

2025-05-04 19:48:19 - POST: Array
(
    [id] => 1
)

FILES: Array
(
)

2025-05-04 19:48:29 - POST: Array
(
)

FILES: Array
(
)

2025-05-04 19:49:19 - POST: Array
(
    [id] => 1
)

FILES: Array
(
)

2025-05-04 19:53:22 - POST: Array
(
    [id] => 1
)

FILES: Array
(
)

2025-05-04 19:54:29 - POST: Array
(
    [id] => 1
)

FILES: Array
(
)

2025-05-04 19:55:08 - POST: Array
(
    [id] => 2
)

FILES: Array
(
)

2025-05-04 19:57:21 - POST: Array
(
    [id] => 2
)

FILES: Array
(
)

2025-05-04 19:57:44 - POST: Array
(
    [id] => 1
)

FILES: Array
(
)

2025-05-04 19:58:08 - POST: Array
(
    [id] => 1
)

FILES: Array
(
)

2025-05-04 19:58:36 - POST: Array
(
    [id] => 1
)

FILES: Array
(
)

2025-05-04 19:58:51 - POST: Array
(
    [id] => 1
)

FILES: Array
(
)

2025-05-04 20:04:42 - POST: Array
(
    [id] => 1
)

FILES: Array
(
)

2025-05-04 20:06:32 - POST: Array
(
    [id] => 1
)

FILES: Array
(
)

2025-05-04 20:08:20 - POST: Array
(
    [id] => 1
)

FILES: Array
(
)

2025-05-04 20:10:10 - POST: Array
(
    [id] => 1
)

FILES: Array
(
)

2025-05-04 20:11:52 - POST: Array
(
    [id] => 1
)

FILES: Array
(
)

2025-05-04 20:14:50 - POST: Array
(
    [id] => 1
)

FILES: Array
(
)

2025-05-04 20:15:39 - POST: Array
(
    [id] => 1
)

FILES: Array
(
)

2025-05-05 21:26:23 - POST: Array
(
    [id] => 1
)

FILES: Array
(
)

2025-05-06 15:52:23 - POST: Array
(
    [id] => 1
)

FILES: Array
(
)

2025-05-06 16:34:16 - POST: Array
(
    [id] => 1
)

FILES: Array
(
)

2025-05-06 16:55:33 - POST: Array
(
    [id] => 1
)

FILES: Array
(
)

2025-05-06 16:58:16 - POST: Array
(
    [id] => 1
)

FILES: Array
(
)

2025-05-06 17:09:38 - POST: Array
(
    [id] => 9
)

FILES: Array
(
)
