
2025-05-06 16:16:10 - POST: Array
(
)

FILES: Array
(
)

2025-05-06 16:16:24 - GET: Array
(
)

FILES: Array
(
)

2025-05-06 16:16:29 - GET: Array
(
)

FILES: Array
(
)

2025-05-06 16:16:31 - GET: Array
(
)

FILES: Array
(
)

2025-05-06 16:18:33 - GET: Array
(
)

FILES: Array
(
)

2025-05-06 16:18:56 - GET: Array
(
)

FILES: Array
(
)

2025-05-06 16:24:25 - GET: Array
(
)

FILES: Array
(
)

2025-05-06 16:24:29 - GET: Array
(
)

FILES: Array
(
)

2025-05-06 16:24:36 - GET: Array
(
)

FILES: Array
(
)

2025-05-06 16:24:40 - GET: Array
(
)

FILES: Array
(
)

2025-05-06 16:24:46 - GET: Array
(
)

FILES: Array
(
)

2025-05-06 16:25:02 - GET: Array
(
)

FILES: Array
(
)

2025-05-06 16:25:44 - GET: Array
(
)

FILES: Array
(
)

2025-05-06 16:25:46 - GET: Array
(
)

FILES: Array
(
)

2025-05-06 16:25:49 - GET: Array
(
)

FILES: Array
(
)

2025-05-06 16:26:04 - GET: Array
(
)

FILES: Array
(
)

2025-05-06 16:26:07 - GET: Array
(
)

FILES: Array
(
)

2025-05-06 16:26:24 - GET: Array
(
)

FILES: Array
(
)

2025-05-06 16:26:26 - GET: Array
(
)

FILES: Array
(
)

2025-05-06 16:26:28 - GET: Array
(
)

FILES: Array
(
)

2025-05-06 16:27:06 - GET: Array
(
)

FILES: Array
(
)

2025-05-06 16:29:51 - GET: Array
(
)

FILES: Array
(
)

2025-05-06 16:29:54 - GET: Array
(
)

FILES: Array
(
)

2025-05-06 16:29:59 - GET: Array
(
)

FILES: Array
(
)

2025-05-06 16:30:03 - GET: Array
(
)

FILES: Array
(
)
