
2025-05-05 21:22:17 - POST: Array
(
    [id] => 5
    [status] => заселен
)

2025-05-05 21:22:21 - POST: Array
(
    [id] => 6
    [status] => заселен
)

2025-05-05 21:55:52 - POST: Array
(
    [id] => 5
    [status] => выселен
)

2025-05-05 21:55:55 - POST: Array
(
    [id] => 6
    [status] => выселен
)

2025-05-05 21:55:55 - POST: Array
(
    [id] => 6
    [status] => выселен
)

2025-05-06 17:04:24 - POST: Array
(
    [id] => 7
    [status] => заселен
)

2025-05-15 22:37:30 - POST: Array
(
    [id] => 8
    [status] => заселен
)
