
2025-05-04 19:19:39 - POST: Array
(
    [status] => занят
    [price] => 2500.00
    [id] => 1
)

FILES: Array
(
)

2025-05-04 19:48:24 - POST: Array
(
    [status] => занят
    [price] => 2501.00
    [amenities] => Array
        (
            [0] => Общий санузел
            [1] => Душ
            [2] => Телевизор
            [3] => Кабельное ТВ
            [4] => Wi-Fi
            [5] => Вид на внутренний двор
        )

    [id] => 1
)

FILES: Array
(
)

2025-05-04 19:48:44 - POST: Array
(
)

FILES: Array
(
)

2025-05-04 19:49:09 - POST: Array
(
)

FILES: Array
(
)

2025-05-04 19:49:22 - POST: Array
(
    [status] => занят
    [price] => 2501.00
    [amenities] => Array
        (
            [0] => Общий санузел
            [1] => Душ
            [2] => Телевизор
            [3] => Кабельное ТВ
            [4] => Wi-Fi
            [5] => Вид на внутренний двор
        )

    [id] => 1
)

FILES: Array
(
)

2025-05-04 19:49:45 - POST: Array
(
)

FILES: Array
(
)

2025-05-04 19:53:16 - POST: Array
(
)

FILES: Array
(
)

2025-05-04 19:53:25 - POST: Array
(
    [status] => занят
    [price] => 2501.00
    [amenities] => Array
        (
            [0] => Общий санузел
            [1] => Душ
            [2] => Телевизор
            [3] => Кабельное ТВ
            [4] => Wi-Fi
            [5] => Вид на внутренний двор
        )

    [id] => 1
)

FILES: Array
(
)

2025-05-04 19:54:34 - POST: Array
(
    [status] => занят
    [price] => 2500.00
    [amenities] => Array
        (
            [0] => Общий санузел
            [1] => Душ
            [2] => Телевизор
            [3] => Кабельное ТВ
            [4] => Wi-Fi
            [5] => Вид на внутренний двор
        )

    [id] => 1
)

FILES: Array
(
)

2025-05-04 19:54:35 - POST: Array
(
    [status] => занят
    [price] => 2500.00
    [amenities] => Array
        (
            [0] => Общий санузел
            [1] => Душ
            [2] => Телевизор
            [3] => Кабельное ТВ
            [4] => Wi-Fi
            [5] => Вид на внутренний двор
        )

    [id] => 1
)

FILES: Array
(
)

2025-05-04 19:55:13 - POST: Array
(
    [status] => занят
    [price] => 2701.00
    [amenities] => Array
        (
            [0] => Общий санузел
            [1] => Душ
            [2] => Телевизор
            [3] => Кабельное ТВ
            [4] => Wi-Fi
            [5] => Вид на внутренний двор
        )

    [id] => 2
)

FILES: Array
(
)

2025-05-04 19:57:25 - POST: Array
(
    [status] => занят
    [price] => 2700.00
    [amenities] => Array
        (
            [0] => Общий санузел
            [1] => Душ
            [2] => Телевизор
            [3] => Кабельное ТВ
            [4] => Wi-Fi
            [5] => Вид на внутренний двор
        )

    [id] => 2
)

FILES: Array
(
)

2025-05-04 19:57:26 - POST: Array
(
    [status] => занят
    [price] => 2700.00
    [amenities] => Array
        (
            [0] => Общий санузел
            [1] => Душ
            [2] => Телевизор
            [3] => Кабельное ТВ
            [4] => Wi-Fi
            [5] => Вид на внутренний двор
        )

    [id] => 2
)

FILES: Array
(
)

2025-05-04 19:57:27 - POST: Array
(
    [status] => занят
    [price] => 2700.00
    [amenities] => Array
        (
            [0] => Общий санузел
            [1] => Душ
            [2] => Телевизор
            [3] => Кабельное ТВ
            [4] => Wi-Fi
            [5] => Вид на внутренний двор
        )

    [id] => 2
)

FILES: Array
(
)

2025-05-04 19:58:11 - POST: Array
(
    [status] => занят
    [price] => 2501.00
    [amenities] => Array
        (
            [0] => Общий санузел
            [1] => Душ
            [2] => Телевизор
            [3] => Кабельное ТВ
            [4] => Wi-Fi
            [5] => Вид на внутренний двор
        )

    [id] => 1
)

FILES: Array
(
)

2025-05-04 19:58:12 - POST: Array
(
    [status] => занят
    [price] => 2501.00
    [amenities] => Array
        (
            [0] => Общий санузел
            [1] => Душ
            [2] => Телевизор
            [3] => Кабельное ТВ
            [4] => Wi-Fi
            [5] => Вид на внутренний двор
        )

    [id] => 1
)

FILES: Array
(
)

2025-05-04 19:58:40 - POST: Array
(
    [status] => занят
    [price] => 2500.00
    [amenities] => Array
        (
            [0] => Общий санузел
            [1] => Душ
            [2] => Телевизор
            [3] => Кабельное ТВ
            [4] => Wi-Fi
            [5] => Вид на внутренний двор
        )

    [id] => 1
)

FILES: Array
(
)

2025-05-04 19:58:59 - POST: Array
(
    [status] => занят
    [price] => 2500.00
    [amenities] => Array
        (
            [0] => Общий санузел
            [1] => Душ
            [2] => Телевизор
            [3] => Кабельное ТВ
            [4] => Wi-Fi
            [5] => Вид на внутренний двор
            [6] => Микроволновка
        )

    [id] => 1
)

FILES: Array
(
)

2025-05-04 20:04:48 - POST: Array
(
    [status] => занят
    [price] => 2500.00
    [amenities] => Array
        (
            [0] => Общий санузел
            [1] => Душ
            [2] => Телевизор
            [3] => Кабельное ТВ
            [4] => Wi-Fi
            [5] => Вид на внутренний двор
            [6] => Микроволновка
        )

    [id] => 1
)

FILES: Array
(
)

2025-05-04 20:04:54 - POST: Array
(
)

FILES: Array
(
)

2025-05-04 20:06:38 - POST: Array
(
)

FILES: Array
(
)

2025-05-04 20:10:13 - POST: Array
(
    [status] => занят
    [price] => 2500.00
    [amenities] => Array
        (
            [0] => Общий санузел
            [1] => Душ
            [2] => Телевизор
            [3] => Кабельное ТВ
            [4] => Wi-Fi
            [5] => Вид на внутренний двор
            [6] => Микроволновка
        )

    [id] => 1
    [category_id] => 1
)

FILES: Array
(
)

2025-05-04 20:10:29 - POST: Array
(
)

FILES: Array
(
)

2025-05-04 20:11:39 - POST: Array
(
)

FILES: Array
(
)

2025-05-04 20:11:55 - POST: Array
(
    [status] => занят
    [price] => 2500.00
    [amenities] => Array
        (
            [0] => Общий санузел
            [1] => Душ
            [2] => Телевизор
            [3] => Кабельное ТВ
            [4] => Wi-Fi
            [5] => Вид на внутренний двор
            [6] => Микроволновка
        )

    [id] => 1
    [category_id] => 1
)

FILES: Array
(
)

2025-05-04 20:11:59 - POST: Array
(
)

FILES: Array
(
)

2025-05-04 20:15:28 - POST: Array
(
    [status] => свободен
    [price] => 2500.00
    [id] => 1
)

FILES: Array
(
)

2025-05-04 20:15:42 - POST: Array
(
    [status] => занят
    [price] => 2500.00
    [id] => 1
)

FILES: Array
(
)

2025-05-15 22:41:43 - POST: Array
(
    [status] => свободен
    [price] => 3201.00
    [id] => 3
)

FILES: Array
(
)

2025-05-15 22:44:03 - POST: Array
(
    [status] => свободен
    [price] => 3200.00
    [id] => 3
)

FILES: Array
(
)

2025-05-15 22:44:07 - POST: Array
(
    [status] => свободен
    [price] => 3200.00
    [id] => 3
)

FILES: Array
(
)

2025-05-15 22:47:42 - POST: Array
(
    [status] => свободен
    [price] => 3201.00
    [id] => 3
)

FILES: Array
(
)

2025-05-15 22:47:57 - POST: Array
(
    [status] => свободен
    [price] => 3200.00
    [id] => 3
)

FILES: Array
(
)
